<!DOCTYPE html PUBLIC "-//W3C//DTD XHTML 1.1//EN" "http://www.w3.org/TR/xhtml11/DTD/xhtml11.dtd">
<html xmlns="http://www.w3.org/1999/xhtml"><head><title>TestNG Report</title><style type="text/css">table {margin-bottom:10px;border-collapse:collapse;empty-cells:show}th,td {border:1px solid #009;padding:.25em .5em}th {vertical-align:bottom}td {vertical-align:top}table a {font-weight:bold}.stripe td {background-color: #E6EBF9}.num {text-align:right}.passedodd td {background-color: #3F3}.passedeven td {background-color: #0A0}.skippedodd td {background-color: #DDD}.skippedeven td {background-color: #CCC}.failedodd td,.attn {background-color: #F33}.failedeven td,.stripe .attn {background-color: #D00}.stacktrace {white-space:pre;font-family:monospace}.totop {font-size:85%;text-align:center;border-bottom:2px solid #000}</style></head><body><table><tr><th>Test</th><th># Passed</th><th># Skipped</th><th># Failed</th><th>Time (ms)</th><th>Included Groups</th><th>Excluded Groups</th></tr><tr><th colspan="7">Suite</th></tr><tr><td><a href="#t0">Test1</a></td><td class="num">19</td><td class="num">0</td><td class="num attn">4</td><td class="num">12,810</td><td></td><td></td></tr></table><table><thead><tr><th>Class</th><th>Method</th><th>Start</th><th>Time (ms)</th></tr></thead><tbody><tr><th colspan="4">Suite</th></tr></tbody><tbody id="t0"><tr><th colspan="4">Test1 &#8212; failed</th></tr><tr class="failedeven"><td rowspan="1">TestAPIs.Divisions</td><td><a href="#m0">divisionRequestWithIncorrectAccountSecret</a></td><td rowspan="1">1544149772572</td><td rowspan="1">451</td></tr><tr class="failedodd"><td rowspan="3">TestAPIs.Models</td><td><a href="#m1">modelsRequestInvalidAccountSecret</a></td><td rowspan="1">1544149777335</td><td rowspan="1">1068</td></tr><tr class="failedodd"><td><a href="#m2">modelsRequestInvalidAccoutNumber</a></td><td rowspan="1">1544149778404</td><td rowspan="1">1065</td></tr><tr class="failedodd"><td><a href="#m3">modelsRequestInvalidService</a></td><td rowspan="1">1544149780295</td><td rowspan="1">596</td></tr><tr><th colspan="4">Test1 &#8212; passed</th></tr><tr class="passedeven"><td rowspan="7">TestAPIs.Divisions</td><td><a href="#m4">divisionRequestWithFutureYear</a></td><td rowspan="1">1544149771260</td><td rowspan="1">1311</td></tr><tr class="passedeven"><td><a href="#m5">divisionRequestWithIncorrectRegionCode</a></td><td rowspan="1">1544149773024</td><td rowspan="1">310</td></tr><tr class="passedeven"><td><a href="#m6">divisionRequestWithIncorrectService</a></td><td rowspan="1">1544149773334</td><td rowspan="1">301</td></tr><tr class="passedeven"><td><a href="#m7">divisionRequestWithIncorrectYearFormat</a></td><td rowspan="1">1544149773636</td><td rowspan="1">311</td></tr><tr class="passedeven"><td><a href="#m8">divisionRequestWithInvalidYear</a></td><td rowspan="1">1544149773947</td><td rowspan="1">304</td></tr><tr class="passedeven"><td><a href="#m9">divisionsRequest</a></td><td rowspan="1">1544149774253</td><td rowspan="1">784</td></tr><tr class="passedeven"><td><a href="#m10">divisionsRequestWithIncorrectAccountNumber</a></td><td rowspan="1">1544149775037</td><td rowspan="1">446</td></tr><tr class="passedodd"><td rowspan="6">TestAPIs.Models</td><td><a href="#m11">modelsRequest</a></td><td rowspan="1">1544149775484</td><td rowspan="1">470</td></tr><tr class="passedodd"><td><a href="#m12">modelsRequestDivisionIdOtherThan1</a></td><td rowspan="1">1544149775954</td><td rowspan="1">718</td></tr><tr class="passedodd"><td><a href="#m13">modelsRequestFutureYear</a></td><td rowspan="1">1544149776672</td><td rowspan="1">663</td></tr><tr class="passedodd"><td><a href="#m14">modelsRequestInvalidDivisionIDFormat</a></td><td rowspan="1">1544149779470</td><td rowspan="1">506</td></tr><tr class="passedodd"><td><a href="#m15">modelsRequestInvalidRegionCode</a></td><td rowspan="1">1544149779977</td><td rowspan="1">317</td></tr><tr class="passedodd"><td><a href="#m16">modelsRequestInvalidYearFormat</a></td><td rowspan="1">1544149780892</td><td rowspan="1">300</td></tr><tr class="passedeven"><td rowspan="3">TestAPIs.Styles</td><td><a href="#m17">stylesRequest</a></td><td rowspan="1">1544149781194</td><td rowspan="1">427</td></tr><tr class="passedeven"><td><a href="#m18">stylesRequestIncorrectModelIdFormat</a></td><td rowspan="1">1544149781621</td><td rowspan="1">292</td></tr><tr class="passedeven"><td><a href="#m19">stylesRequestInvalidModelId</a></td><td rowspan="1">1544149781914</td><td rowspan="1">613</td></tr><tr class="passedodd"><td rowspan="3">TestAPIs.Vin</td><td><a href="#m20">vehicleDescriptionVehicleSpecificInformationByInvalidVin</a></td><td rowspan="1">1544149782913</td><td rowspan="1">536</td></tr><tr class="passedodd"><td><a href="#m21">vehicleDescriptionVehicleSpecificInformationByVin</a></td><td rowspan="1">1544149783450</td><td rowspan="1">488</td></tr><tr class="passedodd"><td><a href="#m22">vehicleDescriptionVehicleVin</a></td><td rowspan="1">1544149782529</td><td rowspan="1">383</td></tr></tbody></table><h2>Test1</h2><h3 id="m0">TestAPIs.Divisions#divisionRequestWithIncorrectAccountSecret</h3><table class="result"><tr><th>Exception</th></tr><tr><td><div class="stacktrace">java.lang.AssertionError: 1 expectation failed.
Expected status code &lt;400&gt; but was &lt;200&gt;.

	at org.codehaus.groovy.runtime.callsite.ConstructorSite$ConstructorSiteNoUnwrap.callConstructor(ConstructorSite.java:84)
	at org.codehaus.groovy.runtime.callsite.CallSiteArray.defaultCallConstructor(CallSiteArray.java:59)
	at org.codehaus.groovy.runtime.callsite.AbstractCallSite.callConstructor(AbstractCallSite.java:238)
	at org.codehaus.groovy.runtime.callsite.AbstractCallSite.callConstructor(AbstractCallSite.java:250)
	at io.restassured.internal.ResponseSpecificationImpl$HamcrestAssertionClosure.validate(ResponseSpecificationImpl.groovy:483)
	at io.restassured.internal.ResponseSpecificationImpl$HamcrestAssertionClosure$validate$1.call(Unknown Source)
	at io.restassured.internal.ResponseSpecificationImpl.validateResponseIfRequired(ResponseSpecificationImpl.groovy:655)
	at org.codehaus.groovy.runtime.callsite.PogoMetaMethodSite$PogoCachedMethodSiteNoUnwrapNoCoerce.invoke(PogoMetaMethodSite.java:210)
	at org.codehaus.groovy.runtime.callsite.PogoMetaMethodSite.callCurrent(PogoMetaMethodSite.java:59)
	at org.codehaus.groovy.runtime.callsite.AbstractCallSite.callCurrent(AbstractCallSite.java:169)
	at io.restassured.internal.ResponseSpecificationImpl.statusCode(ResponseSpecificationImpl.groovy:123)
	at io.restassured.specification.ResponseSpecification$statusCode$0.callCurrent(Unknown Source)
	at io.restassured.internal.ResponseSpecificationImpl.statusCode(ResponseSpecificationImpl.groovy:131)
	at io.restassured.internal.ValidatableResponseOptionsImpl.statusCode(ValidatableResponseOptionsImpl.java:119)
	at TestAPIs.Divisions.divisionRequestWithIncorrectAccountSecret(Divisions.java:118)
	at java.util.concurrent.FutureTask.run(FutureTask.java:266)
	at java.util.concurrent.ThreadPoolExecutor.runWorker(ThreadPoolExecutor.java:1149)
	at java.util.concurrent.ThreadPoolExecutor$Worker.run(ThreadPoolExecutor.java:624)
	at java.lang.Thread.run(Thread.java:748)
... Removed 26 stack frames</div></td></tr></table><p class="totop"><a href="#summary">back to summary</a></p><h3 id="m1">TestAPIs.Models#modelsRequestInvalidAccountSecret</h3><table class="result"><tr><th>Exception</th></tr><tr><td><div class="stacktrace">java.lang.AssertionError: 1 expectation failed.
Expected status code &lt;400&gt; but was &lt;500&gt;.

	at org.codehaus.groovy.runtime.callsite.ConstructorSite$ConstructorSiteNoUnwrap.callConstructor(ConstructorSite.java:84)
	at org.codehaus.groovy.runtime.callsite.AbstractCallSite.callConstructor(AbstractCallSite.java:250)
	at io.restassured.internal.ResponseSpecificationImpl$HamcrestAssertionClosure.validate(ResponseSpecificationImpl.groovy:483)
	at io.restassured.internal.ResponseSpecificationImpl$HamcrestAssertionClosure$validate$1.call(Unknown Source)
	at io.restassured.internal.ResponseSpecificationImpl.validateResponseIfRequired(ResponseSpecificationImpl.groovy:655)
	at org.codehaus.groovy.runtime.callsite.PogoMetaMethodSite$PogoCachedMethodSiteNoUnwrapNoCoerce.invoke(PogoMetaMethodSite.java:210)
	at org.codehaus.groovy.runtime.callsite.PogoMetaMethodSite.callCurrent(PogoMetaMethodSite.java:59)
	at org.codehaus.groovy.runtime.callsite.AbstractCallSite.callCurrent(AbstractCallSite.java:169)
	at io.restassured.internal.ResponseSpecificationImpl.statusCode(ResponseSpecificationImpl.groovy:123)
	at io.restassured.specification.ResponseSpecification$statusCode$0.callCurrent(Unknown Source)
	at io.restassured.internal.ResponseSpecificationImpl.statusCode(ResponseSpecificationImpl.groovy:131)
	at io.restassured.internal.ValidatableResponseOptionsImpl.statusCode(ValidatableResponseOptionsImpl.java:119)
	at TestAPIs.Models.modelsRequestInvalidAccountSecret(Models.java:222)
	at java.util.concurrent.FutureTask.run(FutureTask.java:266)
	at java.util.concurrent.ThreadPoolExecutor.runWorker(ThreadPoolExecutor.java:1149)
	at java.util.concurrent.ThreadPoolExecutor$Worker.run(ThreadPoolExecutor.java:624)
	at java.lang.Thread.run(Thread.java:748)
... Removed 26 stack frames</div></td></tr></table><p class="totop"><a href="#summary">back to summary</a></p><h3 id="m2">TestAPIs.Models#modelsRequestInvalidAccoutNumber</h3><table class="result"><tr><th>Exception</th></tr><tr><td><div class="stacktrace">java.lang.AssertionError: 1 expectation failed.
Expected status code &lt;400&gt; but was &lt;500&gt;.

	at org.codehaus.groovy.runtime.callsite.ConstructorSite$ConstructorSiteNoUnwrap.callConstructor(ConstructorSite.java:84)
	at org.codehaus.groovy.runtime.callsite.AbstractCallSite.callConstructor(AbstractCallSite.java:250)
	at io.restassured.internal.ResponseSpecificationImpl$HamcrestAssertionClosure.validate(ResponseSpecificationImpl.groovy:483)
	at io.restassured.internal.ResponseSpecificationImpl$HamcrestAssertionClosure$validate$1.call(Unknown Source)
	at io.restassured.internal.ResponseSpecificationImpl.validateResponseIfRequired(ResponseSpecificationImpl.groovy:655)
	at org.codehaus.groovy.runtime.callsite.PogoMetaMethodSite$PogoCachedMethodSiteNoUnwrapNoCoerce.invoke(PogoMetaMethodSite.java:210)
	at org.codehaus.groovy.runtime.callsite.PogoMetaMethodSite.callCurrent(PogoMetaMethodSite.java:59)
	at org.codehaus.groovy.runtime.callsite.AbstractCallSite.callCurrent(AbstractCallSite.java:169)
	at io.restassured.internal.ResponseSpecificationImpl.statusCode(ResponseSpecificationImpl.groovy:123)
	at io.restassured.specification.ResponseSpecification$statusCode$0.callCurrent(Unknown Source)
	at io.restassured.internal.ResponseSpecificationImpl.statusCode(ResponseSpecificationImpl.groovy:131)
	at io.restassured.internal.ValidatableResponseOptionsImpl.statusCode(ValidatableResponseOptionsImpl.java:119)
	at TestAPIs.Models.modelsRequestInvalidAccoutNumber(Models.java:194)
	at java.util.concurrent.FutureTask.run(FutureTask.java:266)
	at java.util.concurrent.ThreadPoolExecutor.runWorker(ThreadPoolExecutor.java:1149)
	at java.util.concurrent.ThreadPoolExecutor$Worker.run(ThreadPoolExecutor.java:624)
	at java.lang.Thread.run(Thread.java:748)
... Removed 26 stack frames</div></td></tr></table><p class="totop"><a href="#summary">back to summary</a></p><h3 id="m3">TestAPIs.Models#modelsRequestInvalidService</h3><table class="result"><tr><th>Exception</th></tr><tr><td><div class="stacktrace">java.lang.AssertionError: 1 expectation failed.
Expected status code &lt;400&gt; but was &lt;500&gt;.

	at org.codehaus.groovy.runtime.callsite.ConstructorSite$ConstructorSiteNoUnwrap.callConstructor(ConstructorSite.java:84)
	at org.codehaus.groovy.runtime.callsite.AbstractCallSite.callConstructor(AbstractCallSite.java:250)
	at io.restassured.internal.ResponseSpecificationImpl$HamcrestAssertionClosure.validate(ResponseSpecificationImpl.groovy:483)
	at io.restassured.internal.ResponseSpecificationImpl$HamcrestAssertionClosure$validate$1.call(Unknown Source)
	at io.restassured.internal.ResponseSpecificationImpl.validateResponseIfRequired(ResponseSpecificationImpl.groovy:655)
	at org.codehaus.groovy.runtime.callsite.PogoMetaMethodSite$PogoCachedMethodSiteNoUnwrapNoCoerce.invoke(PogoMetaMethodSite.java:210)
	at org.codehaus.groovy.runtime.callsite.PogoMetaMethodSite.callCurrent(PogoMetaMethodSite.java:59)
	at org.codehaus.groovy.runtime.callsite.AbstractCallSite.callCurrent(AbstractCallSite.java:169)
	at io.restassured.internal.ResponseSpecificationImpl.statusCode(ResponseSpecificationImpl.groovy:123)
	at io.restassured.specification.ResponseSpecification$statusCode$0.callCurrent(Unknown Source)
	at io.restassured.internal.ResponseSpecificationImpl.statusCode(ResponseSpecificationImpl.groovy:131)
	at io.restassured.internal.ValidatableResponseOptionsImpl.statusCode(ValidatableResponseOptionsImpl.java:119)
	at TestAPIs.Models.modelsRequestInvalidService(Models.java:279)
	at java.util.concurrent.FutureTask.run(FutureTask.java:266)
	at java.util.concurrent.ThreadPoolExecutor.runWorker(ThreadPoolExecutor.java:1149)
	at java.util.concurrent.ThreadPoolExecutor$Worker.run(ThreadPoolExecutor.java:624)
	at java.lang.Thread.run(Thread.java:748)
... Removed 25 stack frames</div></td></tr></table><p class="totop"><a href="#summary">back to summary</a></p><h3 id="m4">TestAPIs.Divisions#divisionRequestWithFutureYear</h3><table class="result"></table><p class="totop"><a href="#summary">back to summary</a></p><h3 id="m5">TestAPIs.Divisions#divisionRequestWithIncorrectRegionCode</h3><table class="result"></table><p class="totop"><a href="#summary">back to summary</a></p><h3 id="m6">TestAPIs.Divisions#divisionRequestWithIncorrectService</h3><table class="result"></table><p class="totop"><a href="#summary">back to summary</a></p><h3 id="m7">TestAPIs.Divisions#divisionRequestWithIncorrectYearFormat</h3><table class="result"></table><p class="totop"><a href="#summary">back to summary</a></p><h3 id="m8">TestAPIs.Divisions#divisionRequestWithInvalidYear</h3><table class="result"></table><p class="totop"><a href="#summary">back to summary</a></p><h3 id="m9">TestAPIs.Divisions#divisionsRequest</h3><table class="result"></table><p class="totop"><a href="#summary">back to summary</a></p><h3 id="m10">TestAPIs.Divisions#divisionsRequestWithIncorrectAccountNumber</h3><table class="result"></table><p class="totop"><a href="#summary">back to summary</a></p><h3 id="m11">TestAPIs.Models#modelsRequest</h3><table class="result"></table><p class="totop"><a href="#summary">back to summary</a></p><h3 id="m12">TestAPIs.Models#modelsRequestDivisionIdOtherThan1</h3><table class="result"></table><p class="totop"><a href="#summary">back to summary</a></p><h3 id="m13">TestAPIs.Models#modelsRequestFutureYear</h3><table class="result"></table><p class="totop"><a href="#summary">back to summary</a></p><h3 id="m14">TestAPIs.Models#modelsRequestInvalidDivisionIDFormat</h3><table class="result"></table><p class="totop"><a href="#summary">back to summary</a></p><h3 id="m15">TestAPIs.Models#modelsRequestInvalidRegionCode</h3><table class="result"></table><p class="totop"><a href="#summary">back to summary</a></p><h3 id="m16">TestAPIs.Models#modelsRequestInvalidYearFormat</h3><table class="result"></table><p class="totop"><a href="#summary">back to summary</a></p><h3 id="m17">TestAPIs.Styles#stylesRequest</h3><table class="result"></table><p class="totop"><a href="#summary">back to summary</a></p><h3 id="m18">TestAPIs.Styles#stylesRequestIncorrectModelIdFormat</h3><table class="result"></table><p class="totop"><a href="#summary">back to summary</a></p><h3 id="m19">TestAPIs.Styles#stylesRequestInvalidModelId</h3><table class="result"></table><p class="totop"><a href="#summary">back to summary</a></p><h3 id="m20">TestAPIs.Vin#vehicleDescriptionVehicleSpecificInformationByInvalidVin</h3><table class="result"></table><p class="totop"><a href="#summary">back to summary</a></p><h3 id="m21">TestAPIs.Vin#vehicleDescriptionVehicleSpecificInformationByVin</h3><table class="result"></table><p class="totop"><a href="#summary">back to summary</a></p><h3 id="m22">TestAPIs.Vin#vehicleDescriptionVehicleVin</h3><table class="result"></table><p class="totop"><a href="#summary">back to summary</a></p></body></html>