<!DOCTYPE html PUBLIC "-//W3C//DTD XHTML 1.1//EN" "http://www.w3.org/TR/xhtml11/DTD/xhtml11.dtd">
<html xmlns="http://www.w3.org/1999/xhtml"><head><title>TestNG Report</title><style type="text/css">table {margin-bottom:10px;border-collapse:collapse;empty-cells:show}th,td {border:1px solid #009;padding:.25em .5em}th {vertical-align:bottom}td {vertical-align:top}table a {font-weight:bold}.stripe td {background-color: #E6EBF9}.num {text-align:right}.passedodd td {background-color: #3F3}.passedeven td {background-color: #0A0}.skippedodd td {background-color: #DDD}.skippedeven td {background-color: #CCC}.failedodd td,.attn {background-color: #F33}.failedeven td,.stripe .attn {background-color: #D00}.stacktrace {white-space:pre;font-family:monospace}.totop {font-size:85%;text-align:center;border-bottom:2px solid #000}</style></head><body><table><tr><th>Test</th><th># Passed</th><th># Skipped</th><th># Failed</th><th>Time (ms)</th><th>Included Groups</th><th>Excluded Groups</th></tr><tr><th colspan="7">Suite</th></tr><tr><td><a href="#t0">Test1</a></td><td class="num">18</td><td class="num">0</td><td class="num attn">4</td><td class="num">12,845</td><td></td><td></td></tr></table><table><thead><tr><th>Class</th><th>Method</th><th>Start</th><th>Time (ms)</th></tr></thead><tbody><tr><th colspan="4">Suite</th></tr></tbody><tbody id="t0"><tr><th colspan="4">Test1 &#8212; failed</th></tr><tr class="failedeven"><td rowspan="1">TestAPIs.Divisions</td><td><a href="#m0">divisionRequestWithIncorrectAccountSecret</a></td><td rowspan="1">1544467628161</td><td rowspan="1">479</td></tr><tr class="failedodd"><td rowspan="3">TestAPIs.Models</td><td><a href="#m1">modelsRequestInvalidAccountSecret</a></td><td rowspan="1">1544467632914</td><td rowspan="1">490</td></tr><tr class="failedodd"><td><a href="#m2">modelsRequestInvalidAccoutNumber</a></td><td rowspan="1">1544467633405</td><td rowspan="1">725</td></tr><tr class="failedodd"><td><a href="#m3">modelsRequestInvalidService</a></td><td rowspan="1">1544467635161</td><td rowspan="1">771</td></tr><tr><th colspan="4">Test1 &#8212; passed</th></tr><tr class="passedeven"><td rowspan="7">TestAPIs.Divisions</td><td><a href="#m4">divisionRequestWithFutureYear</a></td><td rowspan="1">1544467626853</td><td rowspan="1">1307</td></tr><tr class="passedeven"><td><a href="#m5">divisionRequestWithIncorrectRegionCode</a></td><td rowspan="1">1544467628641</td><td rowspan="1">429</td></tr><tr class="passedeven"><td><a href="#m6">divisionRequestWithIncorrectService</a></td><td rowspan="1">1544467629071</td><td rowspan="1">300</td></tr><tr class="passedeven"><td><a href="#m7">divisionRequestWithIncorrectYearFormat</a></td><td rowspan="1">1544467629372</td><td rowspan="1">259</td></tr><tr class="passedeven"><td><a href="#m8">divisionRequestWithInvalidYear</a></td><td rowspan="1">1544467629632</td><td rowspan="1">435</td></tr><tr class="passedeven"><td><a href="#m9">divisionsRequest</a></td><td rowspan="1">1544467630067</td><td rowspan="1">687</td></tr><tr class="passedeven"><td><a href="#m10">divisionsRequestWithIncorrectAccountNumber</a></td><td rowspan="1">1544467630755</td><td rowspan="1">607</td></tr><tr class="passedodd"><td rowspan="6">TestAPIs.Models</td><td><a href="#m11">modelsRequest</a></td><td rowspan="1">1544467631362</td><td rowspan="1">467</td></tr><tr class="passedodd"><td><a href="#m12">modelsRequestDivisionIdOtherThan1</a></td><td rowspan="1">1544467631830</td><td rowspan="1">587</td></tr><tr class="passedodd"><td><a href="#m13">modelsRequestFutureYear</a></td><td rowspan="1">1544467632418</td><td rowspan="1">495</td></tr><tr class="passedodd"><td><a href="#m14">modelsRequestInvalidDivisionIDFormat</a></td><td rowspan="1">1544467634131</td><td rowspan="1">391</td></tr><tr class="passedodd"><td><a href="#m15">modelsRequestInvalidRegionCode</a></td><td rowspan="1">1544467634523</td><td rowspan="1">634</td></tr><tr class="passedodd"><td><a href="#m16">modelsRequestInvalidYearFormat</a></td><td rowspan="1">1544467635933</td><td rowspan="1">513</td></tr><tr class="passedeven"><td rowspan="3">TestAPIs.Styles</td><td><a href="#m17">stylesRequest</a></td><td rowspan="1">1544467636448</td><td rowspan="1">865</td></tr><tr class="passedeven"><td><a href="#m18">stylesRequestIncorrectModelIdFormat</a></td><td rowspan="1">1544467637314</td><td rowspan="1">463</td></tr><tr class="passedeven"><td><a href="#m19">stylesRequestInvalidModelId</a></td><td rowspan="1">1544467637778</td><td rowspan="1">587</td></tr><tr class="passedodd"><td rowspan="2">TestAPIs.Vin</td><td><a href="#m20">vehicleDescriptionVehicleSpecificInformationByVin</a></td><td rowspan="1">1544467639030</td><td rowspan="1">553</td></tr><tr class="passedodd"><td><a href="#m21">vehicleDescriptionVehicleVin</a></td><td rowspan="1">1544467638368</td><td rowspan="1">661</td></tr></tbody></table><h2>Test1</h2><h3 id="m0">TestAPIs.Divisions#divisionRequestWithIncorrectAccountSecret</h3><table class="result"><tr><th>Exception</th></tr><tr><td><div class="stacktrace">java.lang.AssertionError: 1 expectation failed.
Expected status code &lt;400&gt; but was &lt;200&gt;.

	at org.codehaus.groovy.runtime.callsite.ConstructorSite$ConstructorSiteNoUnwrap.callConstructor(ConstructorSite.java:84)
	at org.codehaus.groovy.runtime.callsite.CallSiteArray.defaultCallConstructor(CallSiteArray.java:59)
	at org.codehaus.groovy.runtime.callsite.AbstractCallSite.callConstructor(AbstractCallSite.java:238)
	at org.codehaus.groovy.runtime.callsite.AbstractCallSite.callConstructor(AbstractCallSite.java:250)
	at io.restassured.internal.ResponseSpecificationImpl$HamcrestAssertionClosure.validate(ResponseSpecificationImpl.groovy:483)
	at io.restassured.internal.ResponseSpecificationImpl$HamcrestAssertionClosure$validate$1.call(Unknown Source)
	at io.restassured.internal.ResponseSpecificationImpl.validateResponseIfRequired(ResponseSpecificationImpl.groovy:655)
	at org.codehaus.groovy.runtime.callsite.PogoMetaMethodSite$PogoCachedMethodSiteNoUnwrapNoCoerce.invoke(PogoMetaMethodSite.java:210)
	at org.codehaus.groovy.runtime.callsite.PogoMetaMethodSite.callCurrent(PogoMetaMethodSite.java:59)
	at org.codehaus.groovy.runtime.callsite.AbstractCallSite.callCurrent(AbstractCallSite.java:169)
	at io.restassured.internal.ResponseSpecificationImpl.statusCode(ResponseSpecificationImpl.groovy:123)
	at io.restassured.specification.ResponseSpecification$statusCode$0.callCurrent(Unknown Source)
	at io.restassured.internal.ResponseSpecificationImpl.statusCode(ResponseSpecificationImpl.groovy:131)
	at io.restassured.internal.ValidatableResponseOptionsImpl.statusCode(ValidatableResponseOptionsImpl.java:119)
	at TestAPIs.Divisions.divisionRequestWithIncorrectAccountSecret(Divisions.java:108)
	at java.util.concurrent.FutureTask.run(FutureTask.java:266)
	at java.util.concurrent.ThreadPoolExecutor.runWorker(ThreadPoolExecutor.java:1149)
	at java.util.concurrent.ThreadPoolExecutor$Worker.run(ThreadPoolExecutor.java:624)
	at java.lang.Thread.run(Thread.java:748)
... Removed 26 stack frames</div></td></tr></table><p class="totop"><a href="#summary">back to summary</a></p><h3 id="m1">TestAPIs.Models#modelsRequestInvalidAccountSecret</h3><table class="result"><tr><th>Exception</th></tr><tr><td><div class="stacktrace">java.lang.AssertionError: 1 expectation failed.
Expected status code &lt;400&gt; but was &lt;500&gt;.

	at org.codehaus.groovy.runtime.callsite.ConstructorSite$ConstructorSiteNoUnwrap.callConstructor(ConstructorSite.java:84)
	at org.codehaus.groovy.runtime.callsite.AbstractCallSite.callConstructor(AbstractCallSite.java:250)
	at io.restassured.internal.ResponseSpecificationImpl$HamcrestAssertionClosure.validate(ResponseSpecificationImpl.groovy:483)
	at io.restassured.internal.ResponseSpecificationImpl$HamcrestAssertionClosure$validate$1.call(Unknown Source)
	at io.restassured.internal.ResponseSpecificationImpl.validateResponseIfRequired(ResponseSpecificationImpl.groovy:655)
	at org.codehaus.groovy.runtime.callsite.PogoMetaMethodSite$PogoCachedMethodSiteNoUnwrapNoCoerce.invoke(PogoMetaMethodSite.java:210)
	at org.codehaus.groovy.runtime.callsite.PogoMetaMethodSite.callCurrent(PogoMetaMethodSite.java:59)
	at org.codehaus.groovy.runtime.callsite.AbstractCallSite.callCurrent(AbstractCallSite.java:169)
	at io.restassured.internal.ResponseSpecificationImpl.statusCode(ResponseSpecificationImpl.groovy:123)
	at io.restassured.specification.ResponseSpecification$statusCode$0.callCurrent(Unknown Source)
	at io.restassured.internal.ResponseSpecificationImpl.statusCode(ResponseSpecificationImpl.groovy:131)
	at io.restassured.internal.ValidatableResponseOptionsImpl.statusCode(ValidatableResponseOptionsImpl.java:119)
	at TestAPIs.Models.modelsRequestInvalidAccountSecret(Models.java:220)
	at java.util.concurrent.FutureTask.run(FutureTask.java:266)
	at java.util.concurrent.ThreadPoolExecutor.runWorker(ThreadPoolExecutor.java:1149)
	at java.util.concurrent.ThreadPoolExecutor$Worker.run(ThreadPoolExecutor.java:624)
	at java.lang.Thread.run(Thread.java:748)
... Removed 26 stack frames</div></td></tr></table><p class="totop"><a href="#summary">back to summary</a></p><h3 id="m2">TestAPIs.Models#modelsRequestInvalidAccoutNumber</h3><table class="result"><tr><th>Exception</th></tr><tr><td><div class="stacktrace">java.lang.AssertionError: 1 expectation failed.
Expected status code &lt;400&gt; but was &lt;500&gt;.

	at org.codehaus.groovy.runtime.callsite.ConstructorSite$ConstructorSiteNoUnwrap.callConstructor(ConstructorSite.java:84)
	at org.codehaus.groovy.runtime.callsite.AbstractCallSite.callConstructor(AbstractCallSite.java:250)
	at io.restassured.internal.ResponseSpecificationImpl$HamcrestAssertionClosure.validate(ResponseSpecificationImpl.groovy:483)
	at io.restassured.internal.ResponseSpecificationImpl$HamcrestAssertionClosure$validate$1.call(Unknown Source)
	at io.restassured.internal.ResponseSpecificationImpl.validateResponseIfRequired(ResponseSpecificationImpl.groovy:655)
	at org.codehaus.groovy.runtime.callsite.PogoMetaMethodSite$PogoCachedMethodSiteNoUnwrapNoCoerce.invoke(PogoMetaMethodSite.java:210)
	at org.codehaus.groovy.runtime.callsite.PogoMetaMethodSite.callCurrent(PogoMetaMethodSite.java:59)
	at org.codehaus.groovy.runtime.callsite.AbstractCallSite.callCurrent(AbstractCallSite.java:169)
	at io.restassured.internal.ResponseSpecificationImpl.statusCode(ResponseSpecificationImpl.groovy:123)
	at io.restassured.specification.ResponseSpecification$statusCode$0.callCurrent(Unknown Source)
	at io.restassured.internal.ResponseSpecificationImpl.statusCode(ResponseSpecificationImpl.groovy:131)
	at io.restassured.internal.ValidatableResponseOptionsImpl.statusCode(ValidatableResponseOptionsImpl.java:119)
	at TestAPIs.Models.modelsRequestInvalidAccoutNumber(Models.java:192)
	at java.util.concurrent.FutureTask.run(FutureTask.java:266)
	at java.util.concurrent.ThreadPoolExecutor.runWorker(ThreadPoolExecutor.java:1149)
	at java.util.concurrent.ThreadPoolExecutor$Worker.run(ThreadPoolExecutor.java:624)
	at java.lang.Thread.run(Thread.java:748)
... Removed 26 stack frames</div></td></tr></table><p class="totop"><a href="#summary">back to summary</a></p><h3 id="m3">TestAPIs.Models#modelsRequestInvalidService</h3><table class="result"><tr><th>Exception</th></tr><tr><td><div class="stacktrace">java.lang.AssertionError: 1 expectation failed.
Expected status code &lt;400&gt; but was &lt;500&gt;.

	at org.codehaus.groovy.runtime.callsite.ConstructorSite$ConstructorSiteNoUnwrap.callConstructor(ConstructorSite.java:84)
	at org.codehaus.groovy.runtime.callsite.AbstractCallSite.callConstructor(AbstractCallSite.java:250)
	at io.restassured.internal.ResponseSpecificationImpl$HamcrestAssertionClosure.validate(ResponseSpecificationImpl.groovy:483)
	at io.restassured.internal.ResponseSpecificationImpl$HamcrestAssertionClosure$validate$1.call(Unknown Source)
	at io.restassured.internal.ResponseSpecificationImpl.validateResponseIfRequired(ResponseSpecificationImpl.groovy:655)
	at org.codehaus.groovy.runtime.callsite.PogoMetaMethodSite$PogoCachedMethodSiteNoUnwrapNoCoerce.invoke(PogoMetaMethodSite.java:210)
	at org.codehaus.groovy.runtime.callsite.PogoMetaMethodSite.callCurrent(PogoMetaMethodSite.java:59)
	at org.codehaus.groovy.runtime.callsite.AbstractCallSite.callCurrent(AbstractCallSite.java:169)
	at io.restassured.internal.ResponseSpecificationImpl.statusCode(ResponseSpecificationImpl.groovy:123)
	at io.restassured.specification.ResponseSpecification$statusCode$0.callCurrent(Unknown Source)
	at io.restassured.internal.ResponseSpecificationImpl.statusCode(ResponseSpecificationImpl.groovy:131)
	at io.restassured.internal.ValidatableResponseOptionsImpl.statusCode(ValidatableResponseOptionsImpl.java:119)
	at TestAPIs.Models.modelsRequestInvalidService(Models.java:277)
	at java.util.concurrent.FutureTask.run(FutureTask.java:266)
	at java.util.concurrent.ThreadPoolExecutor.runWorker(ThreadPoolExecutor.java:1149)
	at java.util.concurrent.ThreadPoolExecutor$Worker.run(ThreadPoolExecutor.java:624)
	at java.lang.Thread.run(Thread.java:748)
... Removed 25 stack frames</div></td></tr></table><p class="totop"><a href="#summary">back to summary</a></p><h3 id="m4">TestAPIs.Divisions#divisionRequestWithFutureYear</h3><table class="result"></table><p class="totop"><a href="#summary">back to summary</a></p><h3 id="m5">TestAPIs.Divisions#divisionRequestWithIncorrectRegionCode</h3><table class="result"></table><p class="totop"><a href="#summary">back to summary</a></p><h3 id="m6">TestAPIs.Divisions#divisionRequestWithIncorrectService</h3><table class="result"></table><p class="totop"><a href="#summary">back to summary</a></p><h3 id="m7">TestAPIs.Divisions#divisionRequestWithIncorrectYearFormat</h3><table class="result"></table><p class="totop"><a href="#summary">back to summary</a></p><h3 id="m8">TestAPIs.Divisions#divisionRequestWithInvalidYear</h3><table class="result"></table><p class="totop"><a href="#summary">back to summary</a></p><h3 id="m9">TestAPIs.Divisions#divisionsRequest</h3><table class="result"></table><p class="totop"><a href="#summary">back to summary</a></p><h3 id="m10">TestAPIs.Divisions#divisionsRequestWithIncorrectAccountNumber</h3><table class="result"></table><p class="totop"><a href="#summary">back to summary</a></p><h3 id="m11">TestAPIs.Models#modelsRequest</h3><table class="result"></table><p class="totop"><a href="#summary">back to summary</a></p><h3 id="m12">TestAPIs.Models#modelsRequestDivisionIdOtherThan1</h3><table class="result"></table><p class="totop"><a href="#summary">back to summary</a></p><h3 id="m13">TestAPIs.Models#modelsRequestFutureYear</h3><table class="result"></table><p class="totop"><a href="#summary">back to summary</a></p><h3 id="m14">TestAPIs.Models#modelsRequestInvalidDivisionIDFormat</h3><table class="result"></table><p class="totop"><a href="#summary">back to summary</a></p><h3 id="m15">TestAPIs.Models#modelsRequestInvalidRegionCode</h3><table class="result"></table><p class="totop"><a href="#summary">back to summary</a></p><h3 id="m16">TestAPIs.Models#modelsRequestInvalidYearFormat</h3><table class="result"></table><p class="totop"><a href="#summary">back to summary</a></p><h3 id="m17">TestAPIs.Styles#stylesRequest</h3><table class="result"></table><p class="totop"><a href="#summary">back to summary</a></p><h3 id="m18">TestAPIs.Styles#stylesRequestIncorrectModelIdFormat</h3><table class="result"></table><p class="totop"><a href="#summary">back to summary</a></p><h3 id="m19">TestAPIs.Styles#stylesRequestInvalidModelId</h3><table class="result"></table><p class="totop"><a href="#summary">back to summary</a></p><h3 id="m20">TestAPIs.Vin#vehicleDescriptionVehicleSpecificInformationByVin</h3><table class="result"></table><p class="totop"><a href="#summary">back to summary</a></p><h3 id="m21">TestAPIs.Vin#vehicleDescriptionVehicleVin</h3><table class="result"></table><p class="totop"><a href="#summary">back to summary</a></p></body></html>